This file contains any messages produced by compilers while
running configure, to aid debugging if configure makes a mistake.

configure:586: checking for a BSD compatible install
configure:655: checking whether build environment is sane
configure:702: checking for working aclocal
configure:715: checking for working autoconf
configure:728: checking for working automake
configure:741: checking for working autoheader
configure:754: checking for working makeinfo
configure:767: checking whether make sets ${MAKE}
configure:811: checking whether make sets ${MAKE}
configure:840: checking for gcc
configure:917: checking whether the C compiler (gcc  ) works
configure:931: gcc -o conftest    conftest.c  1>&5
configure:928:1: warning: return type defaults to 'int' [-Wimplicit-int]
  928 | main(){return(0);}
      | ^~~~
configure:951: checking whether the C compiler (gcc  ) is a cross-compiler
configure:956: checking whether we are using GNU C
configure:980: checking whether gcc accepts -g
configure:1018: checking for a BSD compatible install
configure:1068: checking how to run the C preprocessor
configure:1147: checking for AIX
configure:1171: checking for POSIXized ISC
configure:1193: checking for minix/config.h
configure:1241: checking for ANSI C header files
configure:1349: checking for dirent.h that defines DIR
configure:1387: checking for opendir in -ldir
configure:1470: checking for uid_t in sys/types.h
configure:1503: checking for pid_t
configure:1536: checking return type of signal handlers
configure:1581: checking for unistd.h
configure:1581: checking for limits.h
configure:1581: checking for sys/param.h
configure:1581: checking for fcntl.h
configure:1581: checking for string.h
configure:1581: checking for memory.h
configure:1581: checking for sys/timeb.h
configure:1619: checking whether gcc and cc understand -c and -o together
configure:1670: checking for working const
configure:1744: checking whether stat file-mode macros are broken
configure:1808: checking for memmove
configure:1808: checking for psignal
configure:1808: checking for mktemp
configure:1808: checking for pstat_getdynamic
configure:1808: checking for dup2
configure:1808: checking for getcwd
configure:1808: checking for sigsetmask
configure:1808: checking for getgroups
configure:1808: checking for setlinebuf
configure:1808: checking for seteuid
configure:1808: checking for setegid
configure:1808: checking for setreuid
configure:1808: checking for setregid
configure:1808: checking for strerror
configure:1808: checking for strsignal
configure:1861: checking for sys_siglist
configure:1896: checking for working alloca.h
configure:1929: checking for alloca
configure:2124: checking for vfork.h
configure:2159: checking for working vfork
configure:2332: checking whether setvbuf arguments are reversed
configure:2383: checking for elf_begin in -lelf
configure:2423: checking for kvm_open in -lkvm
configure:2464: checking for getloadavg in -lutil
configure:2555: checking for getloadavg
configure:2910: checking whether getloadavg requires setgid
configure:2946: checking group of /dev/kmem
configure:2966: checking for kstat_open in -lkstat
configure:3013: checking for working strcoll
configure:3059: checking for sys/wait.h
configure:3097: checking for waitpid
configure:3097: checking for wait3
configure:3150: checking for union wait
configure:3199: checking for sys_siglist declaration in signal.h or unistd.h
configure:3240: checking for getpwnam in -lsun
