This file contains any messages produced by compilers while
running configure, to aid debugging if configure makes a mistake.

configure:645: checking for a BSD compatible install
configure:698: checking whether build environment is sane
configure:755: checking whether make sets ${MAKE}
configure:801: checking for working aclocal
configure:814: checking for working autoconf
configure:827: checking for working automake
configure:840: checking for working autoheader
configure:853: checking for working makeinfo
configure:878: checking host system type
configure:899: checking whether make sets ${MAKE}
configure:928: checking for gcc
configure:1041: checking whether the C compiler (gcc  ) works
configure:1057: gcc -o conftest    conftest.c  1>&5
configure:1054:1: warning: return type defaults to 'int' [-Wimplicit-int]
 1054 | main(){return(0);}
      | ^~~~
configure:1083: checking whether the C compiler (gcc  ) is a cross-compiler
configure:1088: checking whether we are using GNU C
configure:1116: checking whether gcc accepts -g
configure:1159: checking for a BSD compatible install
configure:1214: checking for ar
configure:1244: checking for ranlib
configure:1272: checking how to run the C preprocessor
configure:1351: checking for AIX
configure:1375: checking for POSIXized ISC
configure:1397: checking for minix/config.h
configure:1448: checking for perl
configure:1477: checking build system type
configure:1511: checking for x86_64-unknown-linux-gnu-getconf
configure:1541: checking for CFLAGS value to request large file support
configure:1587: checking for LDFLAGS value to request large file support
configure:1599: checking for LIBS value to request large file support
configure:1654: checking for _FILE_OFFSET_BITS
configure:1683: checking for _LARGEFILE_SOURCE
configure:1712: checking for _LARGE_FILES
configure:1744: checking for ANSI C header files
configure:1852: checking for dirent.h that defines DIR
configure:1890: checking for opendir in -ldir
configure:1973: checking for uid_t in sys/types.h
configure:2006: checking for pid_t
configure:2039: checking return type of signal handlers
configure:2084: checking for stdlib.h
configure:2084: checking for unistd.h
configure:2084: checking for limits.h
configure:2084: checking for sys/param.h
configure:2084: checking for fcntl.h
configure:2084: checking for string.h
configure:2084: checking for memory.h
configure:2084: checking for sys/timeb.h
configure:2122: checking whether gcc and cc understand -c and -o together
configure:2176: checking for gcc option to accept ANSI C
configure:2253: checking for working const
configure:2327: checking whether stat file-mode macros are broken
configure:2384: checking for nanoseconds member of struct stat.st_mtim
configure:2487: checking for inttypes.h
configure:2570: checking for clock_gettime in -lposix4
configure:2623: checking for memmove
configure:2623: checking for strdup
configure:2623: checking for psignal
configure:2623: checking for mktemp
configure:2623: checking for pstat_getdynamic
configure:2623: checking for clock_gettime
configure:2623: checking for dup2
configure:2623: checking for getcwd
configure:2623: checking for sigsetmask
configure:2623: checking for sigaction
configure:2623: checking for getgroups
configure:2623: checking for setlinebuf
configure:2623: checking for seteuid
configure:2623: checking for setegid
configure:2623: checking for setreuid
configure:2623: checking for setregid
configure:2623: checking for pipe
configure:2623: checking for strerror
configure:2623: checking for strsignal
configure:2676: checking for sys_siglist
configure:2711: checking for working alloca.h
configure:2744: checking for alloca
configure:2944: checking for vfork.h
configure:2979: checking for working vfork
configure:3153: checking for vprintf
configure:3258: checking for working strcoll
configure:3299: checking whether closedir returns void
configure:3336: checking whether setvbuf arguments are reversed
configure:3384: checking for select
configure:3441: checking for unistd.h
configure:3441: checking for sys/types.h
configure:3441: checking for sys/time.h
configure:3441: checking for sys/select.h
configure:3441: checking for sys/socket.h
configure:3478: checking argument types of select()
configure:3593: checking for kstat_open in -lkstat
configure:3644: checking for elf_begin in -lelf
configure:3684: checking for kvm_open in -lkvm
configure:3725: checking for getloadavg in -lutil
configure:3816: checking for getloadavg
configure:4171: checking whether getloadavg requires setgid
configure:4207: checking group of /dev/kmem
configure:4232: checking for sys/wait.h
configure:4271: checking for waitpid
configure:4271: checking for wait3
configure:4324: checking for union wait
configure:4373: checking for sys_siglist declaration in signal.h or unistd.h
configure:4414: checking for getpwnam in -lsun
configure:5250: checking for location of SCCS get command
configure:5297: checking if system libc has GNU glob
